<?xml version="1.0" encoding="UTF-8"?>
<!-- Generated by org.testng.reporters.JUnitXMLReporter -->
<testsuite ignored="0" hostname="VA2W10328036" failures="0" tests="3" name="Default test" time="38.043" errors="0" timestamp="2025-03-03T16:27:20 IST">
  <testcase classname="pages.LoginAndAPITests" name="testCreatePostAPI" time="1.951"/>
  <testcase classname="pages.LoginAndAPITests" name="testGetPostAPI" time="0.108"/>
  <testcase classname="pages.LoginAndAPITests" name="testSuccessfulLogin" time="1.744"/>
</testsuite> <!-- Default test -->
