<?xml version="1.0" encoding="UTF-8"?>
<!-- Generated by org.testng.reporters.JUnitXMLReporter -->
<testsuite ignored="0" hostname="VA2W10328036" failures="0" tests="3" name="Test" time="10.32" errors="0" timestamp="2025-03-03T16:29:57 IST">
  <testcase classname="pages.LoginAndAPITests" name="testCreatePostAPI" time="1.352"/>
  <testcase classname="pages.LoginAndAPITests" name="testGetPostAPI" time="0.09"/>
  <testcase classname="pages.LoginAndAPITests" name="testSuccessfulLogin" time="2.006"/>
</testsuite> <!-- Test -->
