<?xml version="1.0" encoding="UTF-8"?>
<testng-results ignored="0" total="2" passed="2" failed="0" skipped="0">
  <reporter-output>
  </reporter-output>
  <suite started-at="2025-02-17T21:36:33 IST" name="Suite" finished-at="2025-02-17T21:36:36 IST" duration-ms="2662">
    <groups>
    </groups>
    <test started-at="2025-02-17T21:36:33 IST" name="Test" finished-at="2025-02-17T21:36:36 IST" duration-ms="2662">
      <class name="testScript.LoginPageTest">
        <test-method signature="getURL()[pri:1, instance:testScript.LoginPageTest@7b8233cd]" started-at="2025-02-17T21:36:34 IST" name="getURL" finished-at="2025-02-17T21:36:35 IST" duration-ms="976" status="PASS">
          <reporter-output>
          </reporter-output>
        </test-method> <!-- getURL -->
        <test-method signature="login()[pri:2, instance:testScript.LoginPageTest@7b8233cd]" started-at="2025-02-17T21:36:35 IST" name="login" finished-at="2025-02-17T21:36:36 IST" duration-ms="1232" status="PASS">
          <reporter-output>
          </reporter-output>
        </test-method> <!-- login -->
      </class> <!-- testScript.LoginPageTest -->
    </test> <!-- Test -->
  </suite> <!-- Suite -->
</testng-results>
