<?xml version="1.0" encoding="UTF-8"?>
<testng-results ignored="0" total="1" passed="1" failed="0" skipped="0">
  <reporter-output>
  </reporter-output>
  <suite started-at="2025-02-16T20:13:42 IST" name="Default suite" finished-at="2025-02-16T20:13:45 IST" duration-ms="3323">
    <groups>
    </groups>
    <test started-at="2025-02-16T20:13:42 IST" name="Default test" finished-at="2025-02-16T20:13:45 IST" duration-ms="3323">
      <class name="testScript.LoginPageTest">
        <test-method signature="login()[pri:0, instance:testScript.LoginPageTest@36f48b4]" started-at="2025-02-16T20:13:42 IST" name="login" finished-at="2025-02-16T20:13:45 IST" duration-ms="3290" status="PASS">
          <reporter-output>
          </reporter-output>
        </test-method> <!-- login -->
      </class> <!-- testScript.LoginPageTest -->
    </test> <!-- Default test -->
  </suite> <!-- Default suite -->
</testng-results>
