<?xml version="1.0" encoding="UTF-8"?>
<!-- Generated by org.testng.reporters.JUnitReportReporter -->
<testsuite hostname="VA2W10328036" failures="0" tests="3" name="pages.LoginAndAPITests" time="9.908" errors="0" timestamp="2025-03-03T16:29:57 IST" skipped="0">
  <testcase classname="pages.LoginAndAPITests" name="testCreatePostAPI" time="3.188"/>
  <testcase classname="pages.LoginAndAPITests" name="testGetPostAPI" time="2.807"/>
  <testcase classname="pages.LoginAndAPITests" name="testSuccessfulLogin" time="3.913"/>
</testsuite> <!-- pages.LoginAndAPITests -->
